Using pre-set license
Built from '2022.3/staging' branch; Version is '2022.3.4f1 (35713cd46cd7) revision 3502396'; Using compiler version '192829333'; Build Type 'Release'
OS: 'Windows 11  (10.0.22621) 64bit Core' Language: 'en' Physical Memory: 15717 MB
BatchMode: 1, IsHumanControllingUs: 0, StartBugReporterOnCrash: 0, Is64bit: 1, IsPro: 1

COMMAND LINE ARGUMENTS:
C:\Program Files\Unity\Hub\Editor\2022.3.4f1\Editor\Unity.exe
-adb2
-batchMode
-noUpm
-name
AssetImportWorker1
-projectPath
C:/Users/ulice/OneDrive/Documentos/GitHub/Papeeerrr/Papeeerrr
-logFile
Logs/AssetImportWorker1.log
-srvPort
61603
Successfully changed project path to: C:/Users/ulice/OneDrive/Documentos/GitHub/Papeeerrr/Papeeerrr
C:/Users/ulice/OneDrive/Documentos/GitHub/Papeeerrr/Papeeerrr
[UnityMemory] Configuration Parameters - Can be set up in boot.config
    "memorysetup-bucket-allocator-granularity=16"
    "memorysetup-bucket-allocator-bucket-count=8"
    "memorysetup-bucket-allocator-block-size=33554432"
    "memorysetup-bucket-allocator-block-count=8"
    "memorysetup-main-allocator-block-size=16777216"
    "memorysetup-thread-allocator-block-size=16777216"
    "memorysetup-gfx-main-allocator-block-size=16777216"
    "memorysetup-gfx-thread-allocator-block-size=16777216"
    "memorysetup-cache-allocator-block-size=4194304"
    "memorysetup-typetree-allocator-block-size=2097152"
    "memorysetup-profiler-bucket-allocator-granularity=16"
    "memorysetup-profiler-bucket-allocator-bucket-count=8"
    "memorysetup-profiler-bucket-allocator-block-size=33554432"
    "memorysetup-profiler-bucket-allocator-block-count=8"
    "memorysetup-profiler-allocator-block-size=16777216"
    "memorysetup-profiler-editor-allocator-block-size=1048576"
    "memorysetup-temp-allocator-size-main=16777216"
    "memorysetup-job-temp-allocator-block-size=2097152"
    "memorysetup-job-temp-allocator-block-size-background=1048576"
    "memorysetup-job-temp-allocator-reduction-small-platforms=262144"
    "memorysetup-allocator-temp-initial-block-size-main=262144"
    "memorysetup-allocator-temp-initial-block-size-worker=262144"
    "memorysetup-temp-allocator-size-background-worker=32768"
    "memorysetup-temp-allocator-size-job-worker=262144"
    "memorysetup-temp-allocator-size-preload-manager=33554432"
    "memorysetup-temp-allocator-size-nav-mesh-worker=65536"
    "memorysetup-temp-allocator-size-audio-worker=65536"
    "memorysetup-temp-allocator-size-cloud-worker=32768"
    "memorysetup-temp-allocator-size-gi-baking-worker=262144"
    "memorysetup-temp-allocator-size-gfx=262144"
Player connection [24128] Host "[IP] 10.0.4.11 [Port] 0 [Flags] 2 [Guid] 3097554207 [EditorId] 3097554207 [Version] 1048832 [Id] WindowsEditor(7,LAPTOP-P5NNJSPL) [Debug] 1 [PackageName] WindowsEditor [ProjectName] Editor" joined multi-casting on [225.0.0.222:54997]...

Player connection [24128] Host "[IP] 10.0.4.11 [Port] 0 [Flags] 2 [Guid] 3097554207 [EditorId] 3097554207 [Version] 1048832 [Id] WindowsEditor(7,LAPTOP-P5NNJSPL) [Debug] 1 [PackageName] WindowsEditor [ProjectName] Editor" joined alternative multi-casting on [225.0.0.222:34997]...

Refreshing native plugins compatible for Editor in 6.75 ms, found 3 plugins.
Preloading 0 native plugins for Editor in 0.00 ms.
Initialize engine version: 2022.3.4f1 (35713cd46cd7)
[Subsystems] Discovering subsystems at path C:/Program Files/Unity/Hub/Editor/2022.3.4f1/Editor/Data/Resources/UnitySubsystems
[Subsystems] Discovering subsystems at path C:/Users/ulice/OneDrive/Documentos/GitHub/Papeeerrr/Papeeerrr/Assets
GfxDevice: creating device client; threaded=0; jobified=0
Direct3D:
    Version:  Direct3D 11.0 [level 11.1]
    Renderer: AMD Radeon(TM) Graphics (ID=0x1638)
    Vendor:   ATI
    VRAM:     7858 MB
    Driver:   31.0.14058.5004
Initialize mono
Mono path[0] = 'C:/Program Files/Unity/Hub/Editor/2022.3.4f1/Editor/Data/Managed'
Mono path[1] = 'C:/Program Files/Unity/Hub/Editor/2022.3.4f1/Editor/Data/MonoBleedingEdge/lib/mono/unityjit-win32'
Mono config path = 'C:/Program Files/Unity/Hub/Editor/2022.3.4f1/Editor/Data/MonoBleedingEdge/etc'
Using monoOptions --debugger-agent=transport=dt_socket,embedding=1,server=y,suspend=n,address=127.0.0.1:56420
Begin MonoManager ReloadAssembly
Registering precompiled unity dll's ...
Register platform support module: C:/Program Files/Unity/Hub/Editor/2022.3.4f1/Editor/Data/PlaybackEngines/AndroidPlayer/UnityEditor.Android.Extensions.dll
Register platform support module: C:/Program Files/Unity/Hub/Editor/2022.3.4f1/Editor/Data/PlaybackEngines/WindowsStandaloneSupport/UnityEditor.WindowsStandalone.Extensions.dll
Registered in 0.007978 seconds.
- Loaded All Assemblies, in  0.403 seconds
Native extension for WindowsStandalone target not found
Native extension for Android target not found
Android Extension - Scanning For ADB Devices 386 ms
Mono: successfully reloaded assembly
- Finished resetting the current domain, in  0.776 seconds
Domain Reload Profiling: 1178ms
	BeginReloadAssembly (96ms)
		ExecutionOrderSort (0ms)
		DisableScriptedObjects (0ms)
		BackupInstance (0ms)
		ReleaseScriptingObjects (0ms)
		CreateAndSetChildDomain (1ms)
	RebuildCommonClasses (38ms)
	RebuildNativeTypeToScriptingClass (18ms)
	initialDomainReloadingComplete (73ms)
	LoadAllAssembliesAndSetupDomain (177ms)
		LoadAssemblies (94ms)
		RebuildTransferFunctionScriptingTraits (0ms)
		AnalyzeDomain (170ms)
			TypeCache.Refresh (169ms)
				TypeCache.ScanAssembly (154ms)
			ScanForSourceGeneratedMonoScriptInfo (1ms)
			ResolveRequiredComponents (1ms)
	FinalizeReload (776ms)
		ReleaseScriptCaches (0ms)
		RebuildScriptCaches (0ms)
		SetupLoadedEditorAssemblies (708ms)
			LogAssemblyErrors (0ms)
			InitializePlatformSupportModulesInManaged (533ms)
			SetLoadedEditorAssemblies (4ms)
			RefreshPlugins (0ms)
			BeforeProcessingInitializeOnLoad (3ms)
			ProcessInitializeOnLoadAttributes (113ms)
			ProcessInitializeOnLoadMethodAttributes (54ms)
			AfterProcessingInitializeOnLoad (0ms)
			EditorAssembliesLoaded (0ms)
		ExecutionOrderSort2 (0ms)
		AwakeInstancesAfterBackupRestoration (0ms)
========================================================================
Worker process is ready to serve import requests
Begin MonoManager ReloadAssembly
Symbol file LoadedFromMemory doesn't match image C:\Users\ulice\OneDrive\Documentos\GitHub\Papeeerrr\Papeeerrr\Library\PackageCache\com.unity.visualscripting@1.8.0\Editor\VisualScripting.Core\Dependencies\YamlDotNet\Unity.VisualScripting.YamlDotNet.dll
Symbol file LoadedFromMemory doesn't match image C:\Users\ulice\OneDrive\Documentos\GitHub\Papeeerrr\Papeeerrr\Library\PackageCache\com.unity.visualscripting@1.8.0\Editor\VisualScripting.Core\Dependencies\DotNetZip\Unity.VisualScripting.IonicZip.dll
- Loaded All Assemblies, in  0.738 seconds
Refreshing native plugins compatible for Editor in 2.64 ms, found 3 plugins.
Native extension for WindowsStandalone target not found
Native extension for Android target not found
Mono: successfully reloaded assembly
- Finished resetting the current domain, in  0.490 seconds
Domain Reload Profiling: 1226ms
	BeginReloadAssembly (129ms)
		ExecutionOrderSort (0ms)
		DisableScriptedObjects (5ms)
		BackupInstance (0ms)
		ReleaseScriptingObjects (0ms)
		CreateAndSetChildDomain (24ms)
	RebuildCommonClasses (28ms)
	RebuildNativeTypeToScriptingClass (10ms)
	initialDomainReloadingComplete (46ms)
	LoadAllAssembliesAndSetupDomain (522ms)
		LoadAssemblies (263ms)
		RebuildTransferFunctionScriptingTraits (0ms)
		AnalyzeDomain (320ms)
			TypeCache.Refresh (305ms)
				TypeCache.ScanAssembly (291ms)
			ScanForSourceGeneratedMonoScriptInfo (12ms)
			ResolveRequiredComponents (3ms)
	FinalizeReload (491ms)
		ReleaseScriptCaches (0ms)
		RebuildScriptCaches (0ms)
		SetupLoadedEditorAssemblies (335ms)
			LogAssemblyErrors (0ms)
			InitializePlatformSupportModulesInManaged (24ms)
			SetLoadedEditorAssemblies (5ms)
			RefreshPlugins (0ms)
			BeforeProcessingInitializeOnLoad (64ms)
			ProcessInitializeOnLoadAttributes (215ms)
			ProcessInitializeOnLoadMethodAttributes (20ms)
			AfterProcessingInitializeOnLoad (6ms)
			EditorAssembliesLoaded (0ms)
		ExecutionOrderSort2 (0ms)
		AwakeInstancesAfterBackupRestoration (8ms)
Launched and connected shader compiler UnityShaderCompiler.exe after 0.07 seconds
Refreshing native plugins compatible for Editor in 3.21 ms, found 3 plugins.
Preloading 0 native plugins for Editor in 0.00 ms.
Unloading 3073 Unused Serialized files (Serialized files now loaded: 0)
Unloading 31 unused Assets / (56.2 KB). Loaded Objects now: 3544.
Memory consumption went from 122.8 MB to 122.7 MB.
Total: 3.591400 ms (FindLiveObjects: 0.257400 ms CreateObjectMapping: 0.103200 ms MarkObjects: 3.118800 ms  DeleteObjects: 0.109200 ms)

AssetImportParameters requested are different than current active one (requested -> active):
  custom:container-demuxer-ogg: 62fdf1f143b41e24485cea50d1cbac27 -> 
  custom:video-codec-MediaFoundation-h265: 746d11721c4dcdbdad8f713fa42b33f4 -> 
  custom:video-decoder-ogg-theora: a1e56fd34408186e4bbccfd4996cb3dc -> 
  custom:framework-win-MediaFoundation: 216162199b28c13a410421893ffa2e32 -> 
  custom:CustomObjectIndexerAttribute: 756ad292c208cfabdd7b50bc23989ffe -> 
  custom:container-demuxer-webm: 4f35f7cbe854078d1ac9338744f61a02 -> 
  custom:container-muxer-webm: aa71ff27fc2769a1b78a27578f13a17b -> 
  custom:video-decoder-webm-vp8: 9c59270c3fd7afecdb556c50c9e8de78 -> 
  custom:AudioImporter_EditorPlatform: d09bf68614088b80899f8185d706f6e7 -> 
  custom:video-encoder-webm-vp8: eb34c28f22e8b96e1ab97ce403110664 -> 
  custom:audio-decoder-ogg-vorbis: bf7c407c2cedff20999df2af8eb42d56 -> 
  custom:audio-encoder-webm-vorbis: bf7c407c2cedff20999df2af8eb42d56 -> 
========================================================================
Received Import Request.
  Time since last request: 18261.922307 seconds.
  path: Assets/Dynamic Grass FX/Grass Material.mat
  artifactKey: Guid(398e375eea068974d8413ce961f68a52) Importer(815301076,1909f56bfc062723c751e8b465ee728b)
Start importing Assets/Dynamic Grass FX/Grass Material.mat using Guid(398e375eea068974d8413ce961f68a52) Importer(815301076,1909f56bfc062723c751e8b465ee728b)  -> (artifact id: '8dc8280fca6bc592df9d702a014734a6') in 0.254983 seconds
Number of updated asset objects reloaded before import = 0
Number of asset objects unloaded after import = 1
========================================================================
Received Import Request.
  Time since last request: 138.088395 seconds.
  path: Assets/Dynamic Grass FX/Demo/Models/BigBarn.fbx
  artifactKey: Guid(f486eee104469734e83f5f6c7bc92158) Importer(815301076,1909f56bfc062723c751e8b465ee728b)
Start importing Assets/Dynamic Grass FX/Demo/Models/BigBarn.fbx using Guid(f486eee104469734e83f5f6c7bc92158) Importer(815301076,1909f56bfc062723c751e8b465ee728b)  -> (artifact id: 'fa40070a6f5031e88965ab5e6137ce92') in 0.128093 seconds
Number of updated asset objects reloaded before import = 0
Number of asset objects unloaded after import = 33
========================================================================
Received Import Request.
  Time since last request: 40.244717 seconds.
  path: Assets/Playground Low Poly/Meshes/SM_Playground_02.fbx
  artifactKey: Guid(5d3ea55ed58ec6641a21066ef8059fe7) Importer(815301076,1909f56bfc062723c751e8b465ee728b)
Start importing Assets/Playground Low Poly/Meshes/SM_Playground_02.fbx using Guid(5d3ea55ed58ec6641a21066ef8059fe7) Importer(815301076,1909f56bfc062723c751e8b465ee728b)  -> (artifact id: 'b2df30947b0d58e5a9a161c8f0964df7') in 0.021289 seconds
Number of updated asset objects reloaded before import = 0
Number of asset objects unloaded after import = 9
========================================================================
Received Import Request.
  Time since last request: 0.000365 seconds.
  path: Assets/Playground Low Poly/Meshes/SM_Playground_05.fbx
  artifactKey: Guid(95c0e3c9552815347a0d35c59b6817d9) Importer(815301076,1909f56bfc062723c751e8b465ee728b)
Start importing Assets/Playground Low Poly/Meshes/SM_Playground_05.fbx using Guid(95c0e3c9552815347a0d35c59b6817d9) Importer(815301076,1909f56bfc062723c751e8b465ee728b)  -> (artifact id: 'ebb111c948031e6e3b0ad0061b8b98bb') in 0.017302 seconds
Number of updated asset objects reloaded before import = 0
Number of asset objects unloaded after import = 9
========================================================================
Received Import Request.
  Time since last request: 0.000308 seconds.
  path: Assets/Playground Low Poly/Meshes/SM_Playground_03.fbx
  artifactKey: Guid(98f65074abe560440823405d5fe061e1) Importer(815301076,1909f56bfc062723c751e8b465ee728b)
Start importing Assets/Playground Low Poly/Meshes/SM_Playground_03.fbx using Guid(98f65074abe560440823405d5fe061e1) Importer(815301076,1909f56bfc062723c751e8b465ee728b)  -> (artifact id: '35ed262c062e63afdbd4dc4eed7a54a5') in 0.017068 seconds
Number of updated asset objects reloaded before import = 0
Number of asset objects unloaded after import = 9
========================================================================
Received Import Request.
  Time since last request: 150.527442 seconds.
  path: Assets/material/Materials/floor_color 1.mat
  artifactKey: Guid(df81e5da8d0da1b47861d283eea8bc9f) Importer(815301076,1909f56bfc062723c751e8b465ee728b)
Start importing Assets/material/Materials/floor_color 1.mat using Guid(df81e5da8d0da1b47861d283eea8bc9f) Importer(815301076,1909f56bfc062723c751e8b465ee728b)  -> (artifact id: '2df0abd3013c21d5dc24c275cbbfd881') in 0.008804 seconds
Number of updated asset objects reloaded before import = 0
Number of asset objects unloaded after import = 1
========================================================================
Received Prepare
Begin MonoManager ReloadAssembly
Symbol file LoadedFromMemory doesn't match image C:\Users\ulice\OneDrive\Documentos\GitHub\Papeeerrr\Papeeerrr\Library\PackageCache\com.unity.visualscripting@1.8.0\Editor\VisualScripting.Core\Dependencies\YamlDotNet\Unity.VisualScripting.YamlDotNet.dll
Symbol file LoadedFromMemory doesn't match image C:\Users\ulice\OneDrive\Documentos\GitHub\Papeeerrr\Papeeerrr\Library\PackageCache\com.unity.visualscripting@1.8.0\Editor\VisualScripting.Core\Dependencies\DotNetZip\Unity.VisualScripting.IonicZip.dll
- Loaded All Assemblies, in  0.673 seconds
Refreshing native plugins compatible for Editor in 3.15 ms, found 3 plugins.
Native extension for WindowsStandalone target not found
Native extension for Android target not found
Mono: successfully reloaded assembly
- Finished resetting the current domain, in  0.806 seconds
Domain Reload Profiling: 1477ms
	BeginReloadAssembly (152ms)
		ExecutionOrderSort (0ms)
		DisableScriptedObjects (4ms)
		BackupInstance (0ms)
		ReleaseScriptingObjects (0ms)
		CreateAndSetChildDomain (41ms)
	RebuildCommonClasses (34ms)
	RebuildNativeTypeToScriptingClass (11ms)
	initialDomainReloadingComplete (35ms)
	LoadAllAssembliesAndSetupDomain (439ms)
		LoadAssemblies (266ms)
		RebuildTransferFunctionScriptingTraits (0ms)
		AnalyzeDomain (243ms)
			TypeCache.Refresh (240ms)
				TypeCache.ScanAssembly (228ms)
			ScanForSourceGeneratedMonoScriptInfo (0ms)
			ResolveRequiredComponents (3ms)
	FinalizeReload (807ms)
		ReleaseScriptCaches (0ms)
		RebuildScriptCaches (0ms)
		SetupLoadedEditorAssemblies (319ms)
			LogAssemblyErrors (0ms)
			InitializePlatformSupportModulesInManaged (25ms)
			SetLoadedEditorAssemblies (4ms)
			RefreshPlugins (0ms)
			BeforeProcessingInitializeOnLoad (55ms)
			ProcessInitializeOnLoadAttributes (209ms)
			ProcessInitializeOnLoadMethodAttributes (20ms)
			AfterProcessingInitializeOnLoad (6ms)
			EditorAssembliesLoaded (0ms)
		ExecutionOrderSort2 (0ms)
		AwakeInstancesAfterBackupRestoration (8ms)
Refreshing native plugins compatible for Editor in 3.02 ms, found 3 plugins.
Preloading 0 native plugins for Editor in 0.00 ms.
Unloading 3063 Unused Serialized files (Serialized files now loaded: 0)
Unloading 22 unused Assets / (30.5 KB). Loaded Objects now: 3590.
Memory consumption went from 120.9 MB to 120.9 MB.
Total: 3.488000 ms (FindLiveObjects: 0.277100 ms CreateObjectMapping: 0.194500 ms MarkObjects: 2.956400 ms  DeleteObjects: 0.058600 ms)

Prepare: number of updated asset objects reloaded= 0
AssetImportParameters requested are different than current active one (requested -> active):
  custom:container-demuxer-ogg: 62fdf1f143b41e24485cea50d1cbac27 -> 
  custom:video-codec-MediaFoundation-h265: 746d11721c4dcdbdad8f713fa42b33f4 -> 
  custom:video-decoder-ogg-theora: a1e56fd34408186e4bbccfd4996cb3dc -> 
  custom:framework-win-MediaFoundation: 216162199b28c13a410421893ffa2e32 -> 
  custom:CustomObjectIndexerAttribute: 756ad292c208cfabdd7b50bc23989ffe -> 
  custom:container-demuxer-webm: 4f35f7cbe854078d1ac9338744f61a02 -> 
  custom:container-muxer-webm: aa71ff27fc2769a1b78a27578f13a17b -> 
  custom:video-decoder-webm-vp8: 9c59270c3fd7afecdb556c50c9e8de78 -> 
  custom:AudioImporter_EditorPlatform: d09bf68614088b80899f8185d706f6e7 -> 
  custom:video-encoder-webm-vp8: eb34c28f22e8b96e1ab97ce403110664 -> 
  custom:audio-decoder-ogg-vorbis: bf7c407c2cedff20999df2af8eb42d56 -> 
  custom:audio-encoder-webm-vorbis: bf7c407c2cedff20999df2af8eb42d56 -> 
========================================================================
Received Prepare
Begin MonoManager ReloadAssembly
Symbol file LoadedFromMemory doesn't match image C:\Users\ulice\OneDrive\Documentos\GitHub\Papeeerrr\Papeeerrr\Library\PackageCache\com.unity.visualscripting@1.8.0\Editor\VisualScripting.Core\Dependencies\YamlDotNet\Unity.VisualScripting.YamlDotNet.dll
Symbol file LoadedFromMemory doesn't match image C:\Users\ulice\OneDrive\Documentos\GitHub\Papeeerrr\Papeeerrr\Library\PackageCache\com.unity.visualscripting@1.8.0\Editor\VisualScripting.Core\Dependencies\DotNetZip\Unity.VisualScripting.IonicZip.dll
- Loaded All Assemblies, in  0.680 seconds
Refreshing native plugins compatible for Editor in 4.39 ms, found 3 plugins.
Native extension for WindowsStandalone target not found
Native extension for Android target not found
Mono: successfully reloaded assembly
- Finished resetting the current domain, in  0.872 seconds
Domain Reload Profiling: 1550ms
	BeginReloadAssembly (134ms)
		ExecutionOrderSort (0ms)
		DisableScriptedObjects (5ms)
		BackupInstance (0ms)
		ReleaseScriptingObjects (0ms)
		CreateAndSetChildDomain (37ms)
	RebuildCommonClasses (29ms)
	RebuildNativeTypeToScriptingClass (10ms)
	initialDomainReloadingComplete (31ms)
	LoadAllAssembliesAndSetupDomain (474ms)
		LoadAssemblies (290ms)
		RebuildTransferFunctionScriptingTraits (0ms)
		AnalyzeDomain (241ms)
			TypeCache.Refresh (235ms)
				TypeCache.ScanAssembly (223ms)
			ScanForSourceGeneratedMonoScriptInfo (0ms)
			ResolveRequiredComponents (6ms)
	FinalizeReload (873ms)
		ReleaseScriptCaches (0ms)
		RebuildScriptCaches (0ms)
		SetupLoadedEditorAssemblies (402ms)
			LogAssemblyErrors (0ms)
			InitializePlatformSupportModulesInManaged (28ms)
			SetLoadedEditorAssemblies (5ms)
			RefreshPlugins (0ms)
			BeforeProcessingInitializeOnLoad (70ms)
			ProcessInitializeOnLoadAttributes (264ms)
			ProcessInitializeOnLoadMethodAttributes (27ms)
			AfterProcessingInitializeOnLoad (8ms)
			EditorAssembliesLoaded (0ms)
		ExecutionOrderSort2 (0ms)
		AwakeInstancesAfterBackupRestoration (10ms)
Refreshing native plugins compatible for Editor in 3.83 ms, found 3 plugins.
Preloading 0 native plugins for Editor in 0.00 ms.
Unloading 3064 Unused Serialized files (Serialized files now loaded: 0)
Unloading 22 unused Assets / (30.7 KB). Loaded Objects now: 3593.
Memory consumption went from 121.2 MB to 121.2 MB.
Total: 5.533500 ms (FindLiveObjects: 0.468300 ms CreateObjectMapping: 0.382300 ms MarkObjects: 4.506200 ms  DeleteObjects: 0.174300 ms)

Prepare: number of updated asset objects reloaded= 0
AssetImportParameters requested are different than current active one (requested -> active):
  custom:container-demuxer-ogg: 62fdf1f143b41e24485cea50d1cbac27 -> 
  custom:video-codec-MediaFoundation-h265: 746d11721c4dcdbdad8f713fa42b33f4 -> 
  custom:video-decoder-ogg-theora: a1e56fd34408186e4bbccfd4996cb3dc -> 
  custom:framework-win-MediaFoundation: 216162199b28c13a410421893ffa2e32 -> 
  custom:CustomObjectIndexerAttribute: 756ad292c208cfabdd7b50bc23989ffe -> 
  custom:container-demuxer-webm: 4f35f7cbe854078d1ac9338744f61a02 -> 
  custom:container-muxer-webm: aa71ff27fc2769a1b78a27578f13a17b -> 
  custom:video-decoder-webm-vp8: 9c59270c3fd7afecdb556c50c9e8de78 -> 
  custom:AudioImporter_EditorPlatform: d09bf68614088b80899f8185d706f6e7 -> 
  custom:video-encoder-webm-vp8: eb34c28f22e8b96e1ab97ce403110664 -> 
  custom:audio-decoder-ogg-vorbis: bf7c407c2cedff20999df2af8eb42d56 -> 
  custom:audio-encoder-webm-vorbis: bf7c407c2cedff20999df2af8eb42d56 -> 
========================================================================
Received Import Request.
  Time since last request: 413.077802 seconds.
  path: Assets/Dynamic Grass FX/Demo/Models/OpenBarn.fbx
  artifactKey: Guid(c57ac99bfbb62bf4fbcbbd3f1cf3d3fd) Importer(815301076,1909f56bfc062723c751e8b465ee728b)
Start importing Assets/Dynamic Grass FX/Demo/Models/OpenBarn.fbx using Guid(c57ac99bfbb62bf4fbcbbd3f1cf3d3fd) Importer(815301076,1909f56bfc062723c751e8b465ee728b)  -> (artifact id: 'cb7c1c2ce4500e90f19b28c56614ffe8') in 0.200940 seconds
Number of updated asset objects reloaded before import = 0
Number of asset objects unloaded after import = 12
========================================================================
Received Import Request.
  Time since last request: 0.000277 seconds.
  path: Assets/Dynamic Grass FX/Demo/Models/SmallBarn.fbx
  artifactKey: Guid(643bd0aec74034a47a7771b1753d9766) Importer(815301076,1909f56bfc062723c751e8b465ee728b)
Start importing Assets/Dynamic Grass FX/Demo/Models/SmallBarn.fbx using Guid(643bd0aec74034a47a7771b1753d9766) Importer(815301076,1909f56bfc062723c751e8b465ee728b)  -> (artifact id: '2d8422f0944115fcc157ff09131afba6') in 0.095565 seconds
Number of updated asset objects reloaded before import = 0
Number of asset objects unloaded after import = 28
========================================================================
Received Import Request.
  Time since last request: 0.000182 seconds.
  path: Assets/Dynamic Grass FX/Demo/Models/Sheep.fbx
  artifactKey: Guid(ad4854454fd34d345a112f4aa9b4deb5) Importer(815301076,1909f56bfc062723c751e8b465ee728b)
Start importing Assets/Dynamic Grass FX/Demo/Models/Sheep.fbx using Guid(ad4854454fd34d345a112f4aa9b4deb5) Importer(815301076,1909f56bfc062723c751e8b465ee728b)  -> (artifact id: '098088057164c4daac5232f72825106b') in 0.062473 seconds
Number of updated asset objects reloaded before import = 0
Number of asset objects unloaded after import = 86
========================================================================
Received Import Request.
  Time since last request: 0.000026 seconds.
  path: Assets/Dynamic Grass FX/Demo/Models/Rock2.fbx
  artifactKey: Guid(3e85d9891ad302246867f0a66ebedf3b) Importer(815301076,1909f56bfc062723c751e8b465ee728b)
Start importing Assets/Dynamic Grass FX/Demo/Models/Rock2.fbx using Guid(3e85d9891ad302246867f0a66ebedf3b) Importer(815301076,1909f56bfc062723c751e8b465ee728b)  -> (artifact id: 'cbffa81a4c2d7150567c677f568e637f') in 0.015882 seconds
Number of updated asset objects reloaded before import = 0
Number of asset objects unloaded after import = 8
========================================================================
Received Import Request.
  Time since last request: 0.000575 seconds.
  path: Assets/Dynamic Grass FX/Demo/Models/Silo_House.fbx
  artifactKey: Guid(9b5b73540d32fcb4d82b0819970651b0) Importer(815301076,1909f56bfc062723c751e8b465ee728b)
Start importing Assets/Dynamic Grass FX/Demo/Models/Silo_House.fbx using Guid(9b5b73540d32fcb4d82b0819970651b0) Importer(815301076,1909f56bfc062723c751e8b465ee728b)  -> (artifact id: 'cc0fe9d5a36c60c35e408fe7cf173ef0') in 0.023971 seconds
Number of updated asset objects reloaded before import = 0
Number of asset objects unloaded after import = 14
========================================================================
Received Import Request.
  Time since last request: 5.226657 seconds.
  path: Assets/Dynamic Grass FX/Demo/Models/Materials/Brown.mat
  artifactKey: Guid(400d029b02ddf7d46b8b07b30784189f) Importer(815301076,1909f56bfc062723c751e8b465ee728b)
Start importing Assets/Dynamic Grass FX/Demo/Models/Materials/Brown.mat using Guid(400d029b02ddf7d46b8b07b30784189f) Importer(815301076,1909f56bfc062723c751e8b465ee728b)  -> (artifact id: '4fc373e13b870a684e22fc6a778e9445') in 0.022840 seconds
Number of updated asset objects reloaded before import = 0
Number of asset objects unloaded after import = 1
========================================================================
Received Import Request.
  Time since last request: 0.000509 seconds.
  path: Assets/Dynamic Grass FX/Demo/Models/Materials/Material.001.mat
  artifactKey: Guid(73c783a5d2dba104197c555af24f7e54) Importer(815301076,1909f56bfc062723c751e8b465ee728b)
Start importing Assets/Dynamic Grass FX/Demo/Models/Materials/Material.001.mat using Guid(73c783a5d2dba104197c555af24f7e54) Importer(815301076,1909f56bfc062723c751e8b465ee728b)  -> (artifact id: '910b8add814b15367fc0c864a3ce644f') in 0.015179 seconds
Number of updated asset objects reloaded before import = 0
Number of asset objects unloaded after import = 1
========================================================================
Received Import Request.
  Time since last request: 0.000519 seconds.
  path: Assets/Dynamic Grass FX/Demo/Models/Materials/Material.006.mat
  artifactKey: Guid(04703f67b7009d749a2585b2620a7cf3) Importer(815301076,1909f56bfc062723c751e8b465ee728b)
Start importing Assets/Dynamic Grass FX/Demo/Models/Materials/Material.006.mat using Guid(04703f67b7009d749a2585b2620a7cf3) Importer(815301076,1909f56bfc062723c751e8b465ee728b)  -> (artifact id: '7dd8a40ba4f6e1387cce876c6e5a2985') in 0.008192 seconds
Number of updated asset objects reloaded before import = 0
Number of asset objects unloaded after import = 1
========================================================================
Received Import Request.
  Time since last request: 0.000654 seconds.
  path: Assets/Dynamic Grass FX/Demo/Models/Materials/Tree.mat
  artifactKey: Guid(6084c0e86905f0245b6832eb4e3b6d83) Importer(815301076,1909f56bfc062723c751e8b465ee728b)
Start importing Assets/Dynamic Grass FX/Demo/Models/Materials/Tree.mat using Guid(6084c0e86905f0245b6832eb4e3b6d83) Importer(815301076,1909f56bfc062723c751e8b465ee728b)  -> (artifact id: 'b6331db499a7e596e885930feab29d24') in 0.007972 seconds
Number of updated asset objects reloaded before import = 0
Number of asset objects unloaded after import = 1
========================================================================
Received Import Request.
  Time since last request: 0.000760 seconds.
  path: Assets/Dynamic Grass FX/Demo/Models/Materials/No Name.mat
  artifactKey: Guid(b578eefaf6c21044993435b87df437c5) Importer(815301076,1909f56bfc062723c751e8b465ee728b)
Start importing Assets/Dynamic Grass FX/Demo/Models/Materials/No Name.mat using Guid(b578eefaf6c21044993435b87df437c5) Importer(815301076,1909f56bfc062723c751e8b465ee728b)  -> (artifact id: 'b35b6339a5955ae1d361e5db7019eca4') in 0.009773 seconds
Number of updated asset objects reloaded before import = 0
Number of asset objects unloaded after import = 1
========================================================================
Received Import Request.
  Time since last request: 0.000505 seconds.
  path: Assets/Dynamic Grass FX/Demo/Models/Materials/LightRed.mat
  artifactKey: Guid(9e661440cb2b4d34a8347971d389b83d) Importer(815301076,1909f56bfc062723c751e8b465ee728b)
Start importing Assets/Dynamic Grass FX/Demo/Models/Materials/LightRed.mat using Guid(9e661440cb2b4d34a8347971d389b83d) Importer(815301076,1909f56bfc062723c751e8b465ee728b)  -> (artifact id: '150bb58750100736e1295998659c894d') in 0.008858 seconds
Number of updated asset objects reloaded before import = 0
Number of asset objects unloaded after import = 1
========================================================================
Received Import Request.
  Time since last request: 0.000532 seconds.
  path: Assets/Dynamic Grass FX/Demo/Models/Materials/Material.005.mat
  artifactKey: Guid(5e99f61c7314169499e143466aba63bd) Importer(815301076,1909f56bfc062723c751e8b465ee728b)
Start importing Assets/Dynamic Grass FX/Demo/Models/Materials/Material.005.mat using Guid(5e99f61c7314169499e143466aba63bd) Importer(815301076,1909f56bfc062723c751e8b465ee728b)  -> (artifact id: 'd5f325d14e212e80131e9cbc10402ebf') in 0.015209 seconds
Number of updated asset objects reloaded before import = 0
Number of asset objects unloaded after import = 1
========================================================================
Received Import Request.
  Time since last request: 0.000608 seconds.
  path: Assets/Dynamic Grass FX/Demo/Models/Materials/Material.mat
  artifactKey: Guid(8012021b993a7834a93878a66a053b98) Importer(815301076,1909f56bfc062723c751e8b465ee728b)
Start importing Assets/Dynamic Grass FX/Demo/Models/Materials/Material.mat using Guid(8012021b993a7834a93878a66a053b98) Importer(815301076,1909f56bfc062723c751e8b465ee728b)  -> (artifact id: 'ae9092adaac1bd79dfd48c22f63c8844') in 0.009444 seconds
Number of updated asset objects reloaded before import = 0
Number of asset objects unloaded after import = 1
========================================================================
Received Import Request.
  Time since last request: 0.000648 seconds.
  path: Assets/Dynamic Grass FX/Demo/Models/Materials/Pink.mat
  artifactKey: Guid(75dccb43e518da44f88b65cb94551c48) Importer(815301076,1909f56bfc062723c751e8b465ee728b)
Start importing Assets/Dynamic Grass FX/Demo/Models/Materials/Pink.mat using Guid(75dccb43e518da44f88b65cb94551c48) Importer(815301076,1909f56bfc062723c751e8b465ee728b)  -> (artifact id: 'ceba0f2150b50577ddbd348cfe1d33f2') in 0.007154 seconds
Number of updated asset objects reloaded before import = 0
Number of asset objects unloaded after import = 1
========================================================================
Received Import Request.
  Time since last request: 347.657882 seconds.
  path: Assets/Dynamic Grass FX/Shaders
  artifactKey: Guid(71bc1f75deb386e45a406b2988591f48) Importer(815301076,1909f56bfc062723c751e8b465ee728b)
Start importing Assets/Dynamic Grass FX/Shaders using Guid(71bc1f75deb386e45a406b2988591f48) Importer(815301076,1909f56bfc062723c751e8b465ee728b)  -> (artifact id: '2db7ea452a5b1a68889f2d8c28784896') in 0.000427 seconds
Number of updated asset objects reloaded before import = 0
Number of asset objects unloaded after import = 0
========================================================================
Received Import Request.
  Time since last request: 0.026999 seconds.
  path: Assets/Dynamic Grass FX/Shaders/GrassTessellation.cginc
  artifactKey: Guid(bd7263332cb5b2745a539dfa3254e9fc) Importer(815301076,1909f56bfc062723c751e8b465ee728b)
Start importing Assets/Dynamic Grass FX/Shaders/GrassTessellation.cginc using Guid(bd7263332cb5b2745a539dfa3254e9fc) Importer(815301076,1909f56bfc062723c751e8b465ee728b)  -> (artifact id: '67afd5a2818475fd5cfd2a514cbf92d3') in 0.001228 seconds
Number of updated asset objects reloaded before import = 0
Number of asset objects unloaded after import = 1
========================================================================
Received Import Request.
  Time since last request: 30.638254 seconds.
  path: Assets/Playground Low Poly/Meshes/SM_Box_Ground_01.FBX
  artifactKey: Guid(af7887a0e8953b445b840e8dcca80810) Importer(815301076,1909f56bfc062723c751e8b465ee728b)
Start importing Assets/Playground Low Poly/Meshes/SM_Box_Ground_01.FBX using Guid(af7887a0e8953b445b840e8dcca80810) Importer(815301076,1909f56bfc062723c751e8b465ee728b)  -> (artifact id: 'f0fdeabd70f45f968a1c3527df004acd') in 0.043628 seconds
Number of updated asset objects reloaded before import = 0
Number of asset objects unloaded after import = 9
========================================================================
Received Import Request.
  Time since last request: 0.000380 seconds.
  path: Assets/Playground Low Poly/Meshes/SM_Grass_02.fbx
  artifactKey: Guid(24dd21c0ae0b5d54889c43cdb0b95bb2) Importer(815301076,1909f56bfc062723c751e8b465ee728b)
Start importing Assets/Playground Low Poly/Meshes/SM_Grass_02.fbx using Guid(24dd21c0ae0b5d54889c43cdb0b95bb2) Importer(815301076,1909f56bfc062723c751e8b465ee728b)  -> (artifact id: 'b0e722ea0aa57782ddf2ddf3c15c1eba') in 0.016060 seconds
Number of updated asset objects reloaded before import = 0
Number of asset objects unloaded after import = 9
========================================================================
Received Import Request.
  Time since last request: 17.144233 seconds.
  path: Assets/WC/Materials/floor_color.mat
  artifactKey: Guid(d6e12bbc8921e0e49b2a2378c1d04876) Importer(815301076,1909f56bfc062723c751e8b465ee728b)
Start importing Assets/WC/Materials/floor_color.mat using Guid(d6e12bbc8921e0e49b2a2378c1d04876) Importer(815301076,1909f56bfc062723c751e8b465ee728b)  -> (artifact id: '39b27c867f3492e583f7ef1a7305f681') in 0.007489 seconds
Number of updated asset objects reloaded before import = 0
Number of asset objects unloaded after import = 1
========================================================================
Received Import Request.
  Time since last request: 0.000458 seconds.
  path: Assets/Playground Low Poly/Materials/M_Ground.mat
  artifactKey: Guid(66c7dbe36cfd0b9429efe251cec3b33d) Importer(815301076,1909f56bfc062723c751e8b465ee728b)
Start importing Assets/Playground Low Poly/Materials/M_Ground.mat using Guid(66c7dbe36cfd0b9429efe251cec3b33d) Importer(815301076,1909f56bfc062723c751e8b465ee728b)  -> (artifact id: '1a0966390b3a45b34dad765aa23dd05b') in 0.008015 seconds
Number of updated asset objects reloaded before import = 0
Number of asset objects unloaded after import = 1
========================================================================
Received Import Request.
  Time since last request: 0.000601 seconds.
  path: Assets/Male3/BaseBall_T/Materials/Male3_Ballcap.mat
  artifactKey: Guid(cb9d6eb553a53ad4ca36492761251f04) Importer(815301076,1909f56bfc062723c751e8b465ee728b)
Start importing Assets/Male3/BaseBall_T/Materials/Male3_Ballcap.mat using Guid(cb9d6eb553a53ad4ca36492761251f04) Importer(815301076,1909f56bfc062723c751e8b465ee728b)  -> (artifact id: '80bb176c32fe3e1144475332ce9c2b67') in 0.016441 seconds
Number of updated asset objects reloaded before import = 0
Number of asset objects unloaded after import = 2
========================================================================
Received Import Request.
  Time since last request: 3.807827 seconds.
  path: Assets/Playground Low Poly/Meshes/SM_Game_Piramid_01.fbx
  artifactKey: Guid(eaf645a9b6b38d441ad0ddc67b4e228f) Importer(815301076,1909f56bfc062723c751e8b465ee728b)
Start importing Assets/Playground Low Poly/Meshes/SM_Game_Piramid_01.fbx using Guid(eaf645a9b6b38d441ad0ddc67b4e228f) Importer(815301076,1909f56bfc062723c751e8b465ee728b)  -> (artifact id: '0078ee91dcd8780aa8e6b194caf4966c') in 0.017492 seconds
Number of updated asset objects reloaded before import = 0
Number of asset objects unloaded after import = 9
========================================================================
Received Import Request.
  Time since last request: 0.000407 seconds.
  path: Assets/Playground Low Poly/Meshes/SM_Railings_01.fbx
  artifactKey: Guid(048358964bac22d47abddeabc9d5b61f) Importer(815301076,1909f56bfc062723c751e8b465ee728b)
Start importing Assets/Playground Low Poly/Meshes/SM_Railings_01.fbx using Guid(048358964bac22d47abddeabc9d5b61f) Importer(815301076,1909f56bfc062723c751e8b465ee728b)  -> (artifact id: '6a068ad8af9d8ef5b369ee9c0011d75e') in 0.029641 seconds
Number of updated asset objects reloaded before import = 0
Number of asset objects unloaded after import = 9
========================================================================
Received Import Request.
  Time since last request: 0.000414 seconds.
  path: Assets/Playground Low Poly/Meshes/SM_Lamp_01.fbx
  artifactKey: Guid(f6a982d0e7f320c40a63ad112e1d9d49) Importer(815301076,1909f56bfc062723c751e8b465ee728b)
Start importing Assets/Playground Low Poly/Meshes/SM_Lamp_01.fbx using Guid(f6a982d0e7f320c40a63ad112e1d9d49) Importer(815301076,1909f56bfc062723c751e8b465ee728b)  -> (artifact id: '44b2dd3c10544084b59d56cb39f3af12') in 0.017324 seconds
Number of updated asset objects reloaded before import = 0
Number of asset objects unloaded after import = 9
========================================================================
Received Import Request.
  Time since last request: 674.120732 seconds.
  path: Assets/Playground Low Poly/Prefabs
  artifactKey: Guid(ca46991f51b1485469af4dfc35a88f11) Importer(815301076,1909f56bfc062723c751e8b465ee728b)
Start importing Assets/Playground Low Poly/Prefabs using Guid(ca46991f51b1485469af4dfc35a88f11) Importer(815301076,1909f56bfc062723c751e8b465ee728b)  -> (artifact id: '87a0ed33eec863a22a560e05eade52c6') in 0.000673 seconds
Number of updated asset objects reloaded before import = 0
Number of asset objects unloaded after import = 0
========================================================================
Received Import Request.
  Time since last request: 0.140024 seconds.
  path: Assets/Playground Low Poly/Prefabs/SM_Alcove_01.prefab
  artifactKey: Guid(30de34a35a4305c4498f476c8678d541) Importer(815301076,1909f56bfc062723c751e8b465ee728b)
Start importing Assets/Playground Low Poly/Prefabs/SM_Alcove_01.prefab using Guid(30de34a35a4305c4498f476c8678d541) Importer(815301076,1909f56bfc062723c751e8b465ee728b)  -> (artifact id: '1f5d44f4ad07601628071c04e4682157') in 0.011240 seconds
Number of updated asset objects reloaded before import = 0
Number of asset objects unloaded after import = 11
========================================================================
Received Import Request.
  Time since last request: 0.057817 seconds.
  path: Assets/Playground Low Poly/Prefabs/SM_Bench_02.prefab
  artifactKey: Guid(f69fa572bedaac24b813b2dd34fce7b0) Importer(815301076,1909f56bfc062723c751e8b465ee728b)
Start importing Assets/Playground Low Poly/Prefabs/SM_Bench_02.prefab using Guid(f69fa572bedaac24b813b2dd34fce7b0) Importer(815301076,1909f56bfc062723c751e8b465ee728b)  -> (artifact id: '915d5f7bc1ffc60b8569260bfdcf19ef') in 0.010660 seconds
Number of updated asset objects reloaded before import = 0
Number of asset objects unloaded after import = 11
========================================================================
Received Import Request.
  Time since last request: 0.000334 seconds.
  path: Assets/Playground Low Poly/Prefabs/SM_Border_40.prefab
  artifactKey: Guid(f57df6306c27153428ccdaf4afc9067d) Importer(815301076,1909f56bfc062723c751e8b465ee728b)
Start importing Assets/Playground Low Poly/Prefabs/SM_Border_40.prefab using Guid(f57df6306c27153428ccdaf4afc9067d) Importer(815301076,1909f56bfc062723c751e8b465ee728b)  -> (artifact id: '2e92e6287792434f8f1e14ca13415bf3') in 0.013136 seconds
Number of updated asset objects reloaded before import = 0
Number of asset objects unloaded after import = 11
========================================================================
Received Import Request.
  Time since last request: 0.000324 seconds.
  path: Assets/Playground Low Poly/Prefabs/SM_Playground_02.prefab
  artifactKey: Guid(320e1716c0bedb84a91c9707981bd279) Importer(815301076,1909f56bfc062723c751e8b465ee728b)
Start importing Assets/Playground Low Poly/Prefabs/SM_Playground_02.prefab using Guid(320e1716c0bedb84a91c9707981bd279) Importer(815301076,1909f56bfc062723c751e8b465ee728b)  -> (artifact id: 'a8855b506d5b85c0d16c0ea9a3064071') in 0.025851 seconds
Number of updated asset objects reloaded before import = 0
Number of asset objects unloaded after import = 16
========================================================================
Received Import Request.
  Time since last request: 0.000221 seconds.
  path: Assets/Playground Low Poly/Prefabs/SM_Flowers_02.prefab
  artifactKey: Guid(49d0e1a0411092349ab46bb76dd7e5b5) Importer(815301076,1909f56bfc062723c751e8b465ee728b)
Start importing Assets/Playground Low Poly/Prefabs/SM_Flowers_02.prefab using Guid(49d0e1a0411092349ab46bb76dd7e5b5) Importer(815301076,1909f56bfc062723c751e8b465ee728b)  -> (artifact id: 'a7d2ac4f14bd03890e60197dd4231c4b') in 0.029113 seconds
Number of updated asset objects reloaded before import = 0
Number of asset objects unloaded after import = 9
========================================================================
Received Import Request.
  Time since last request: 0.000383 seconds.
  path: Assets/Playground Low Poly/Prefabs/SM_Flowers_01.prefab
  artifactKey: Guid(ad08133495a7adb49b6ccc63132fd923) Importer(815301076,1909f56bfc062723c751e8b465ee728b)
Start importing Assets/Playground Low Poly/Prefabs/SM_Flowers_01.prefab using Guid(ad08133495a7adb49b6ccc63132fd923) Importer(815301076,1909f56bfc062723c751e8b465ee728b)  -> (artifact id: 'ddf91aeca8f5d8d09c2fff100370fa40') in 0.032943 seconds
Number of updated asset objects reloaded before import = 0
Number of asset objects unloaded after import = 9
========================================================================
Received Import Request.
  Time since last request: 0.000323 seconds.
  path: Assets/Playground Low Poly/Prefabs/SM_Sandbox_03.prefab
  artifactKey: Guid(f0badc85adb9b744ea1894728e94ef2f) Importer(815301076,1909f56bfc062723c751e8b465ee728b)
Start importing Assets/Playground Low Poly/Prefabs/SM_Sandbox_03.prefab using Guid(f0badc85adb9b744ea1894728e94ef2f) Importer(815301076,1909f56bfc062723c751e8b465ee728b)  -> (artifact id: '8968b79826ef7b901c9af4b95cddd6bc') in 0.020473 seconds
Number of updated asset objects reloaded before import = 0
Number of asset objects unloaded after import = 10
========================================================================
Received Import Request.
  Time since last request: 0.000295 seconds.
  path: Assets/Playground Low Poly/Prefabs/SM_Grass_03.prefab
  artifactKey: Guid(a96ec426591c1a74b90aa643726f600d) Importer(815301076,1909f56bfc062723c751e8b465ee728b)
Start importing Assets/Playground Low Poly/Prefabs/SM_Grass_03.prefab using Guid(a96ec426591c1a74b90aa643726f600d) Importer(815301076,1909f56bfc062723c751e8b465ee728b)  -> (artifact id: '3d92891fb0a50a343d7734a3d5b15a70') in 0.010022 seconds
Number of updated asset objects reloaded before import = 0
Number of asset objects unloaded after import = 9
========================================================================
Received Import Request.
  Time since last request: 0.000310 seconds.
  path: Assets/Playground Low Poly/Prefabs/SM_Sandbox_02.prefab
  artifactKey: Guid(ee3d910545b206946a646dfdbb9b8c71) Importer(815301076,1909f56bfc062723c751e8b465ee728b)
Start importing Assets/Playground Low Poly/Prefabs/SM_Sandbox_02.prefab using Guid(ee3d910545b206946a646dfdbb9b8c71) Importer(815301076,1909f56bfc062723c751e8b465ee728b)  -> (artifact id: '48a89dd8581bdb1159dbc40c7009d370') in 0.009083 seconds
Number of updated asset objects reloaded before import = 0
Number of asset objects unloaded after import = 10
========================================================================
Received Import Request.
  Time since last request: 0.000460 seconds.
  path: Assets/Playground Low Poly/Prefabs/SM_Stand_02.prefab
  artifactKey: Guid(4de75b156eca74e4cb387cb66d846bca) Importer(815301076,1909f56bfc062723c751e8b465ee728b)
Start importing Assets/Playground Low Poly/Prefabs/SM_Stand_02.prefab using Guid(4de75b156eca74e4cb387cb66d846bca) Importer(815301076,1909f56bfc062723c751e8b465ee728b)  -> (artifact id: '9ad98298281a05fa9ce4f7027fd22401') in 0.010715 seconds
Number of updated asset objects reloaded before import = 0
Number of asset objects unloaded after import = 10
========================================================================
Received Import Request.
  Time since last request: 0.000365 seconds.
  path: Assets/Playground Low Poly/Prefabs/SM_Swings_01.prefab
  artifactKey: Guid(9fc0d344e6ba1574183600c17ba78f3b) Importer(815301076,1909f56bfc062723c751e8b465ee728b)
Start importing Assets/Playground Low Poly/Prefabs/SM_Swings_01.prefab using Guid(9fc0d344e6ba1574183600c17ba78f3b) Importer(815301076,1909f56bfc062723c751e8b465ee728b)  -> (artifact id: '72c6bdf7c29bf0cf8fc89c6e975a9172') in 0.015346 seconds
Number of updated asset objects reloaded before import = 0
Number of asset objects unloaded after import = 10
========================================================================
Received Import Request.
  Time since last request: 0.000483 seconds.
  path: Assets/Playground Low Poly/Prefabs/SM_Playground_03.prefab
  artifactKey: Guid(2a1e00f6fd8038f4eb484539be2d71d2) Importer(815301076,1909f56bfc062723c751e8b465ee728b)
Start importing Assets/Playground Low Poly/Prefabs/SM_Playground_03.prefab using Guid(2a1e00f6fd8038f4eb484539be2d71d2) Importer(815301076,1909f56bfc062723c751e8b465ee728b)  -> (artifact id: '169eb6426762bc5314cd95e3fdd1d6f6') in 0.015596 seconds
Number of updated asset objects reloaded before import = 0
Number of asset objects unloaded after import = 15
========================================================================
Received Import Request.
  Time since last request: 0.000382 seconds.
  path: Assets/Playground Low Poly/Prefabs/SM_Box_Ground_01.prefab
  artifactKey: Guid(a6127c022565ea946804415a1af07b12) Importer(815301076,1909f56bfc062723c751e8b465ee728b)
Start importing Assets/Playground Low Poly/Prefabs/SM_Box_Ground_01.prefab using Guid(a6127c022565ea946804415a1af07b12) Importer(815301076,1909f56bfc062723c751e8b465ee728b)  -> (artifact id: '9222c63256b8d2765555b497b20f0503') in 0.015029 seconds
Number of updated asset objects reloaded before import = 0
Number of asset objects unloaded after import = 10
========================================================================
Received Import Request.
  Time since last request: 0.000463 seconds.
  path: Assets/Playground Low Poly/Prefabs/SM_Rings_Crossbar_01.prefab
  artifactKey: Guid(ad642aad4a32e5f4288f38f16fecd99b) Importer(815301076,1909f56bfc062723c751e8b465ee728b)
Start importing Assets/Playground Low Poly/Prefabs/SM_Rings_Crossbar_01.prefab using Guid(ad642aad4a32e5f4288f38f16fecd99b) Importer(815301076,1909f56bfc062723c751e8b465ee728b)  -> (artifact id: '95a9a0a3163b95f0fe789ea5d3e0e5ec') in 0.010772 seconds
Number of updated asset objects reloaded before import = 0
Number of asset objects unloaded after import = 12
========================================================================
Received Import Request.
  Time since last request: 0.000298 seconds.
  path: Assets/Playground Low Poly/Prefabs/SM_Border_100.prefab
  artifactKey: Guid(d3293ea4a24df1840bb80a59cf73ef0f) Importer(815301076,1909f56bfc062723c751e8b465ee728b)
Start importing Assets/Playground Low Poly/Prefabs/SM_Border_100.prefab using Guid(d3293ea4a24df1840bb80a59cf73ef0f) Importer(815301076,1909f56bfc062723c751e8b465ee728b)  -> (artifact id: '8ed34453258f08676ddc92e83020a8e2') in 0.016053 seconds
Number of updated asset objects reloaded before import = 0
Number of asset objects unloaded after import = 10
========================================================================
Received Import Request.
  Time since last request: 0.000216 seconds.
  path: Assets/Playground Low Poly/Prefabs/SM_Railings_Angle_01.prefab
  artifactKey: Guid(6ed24e37d2b36dc45977bf6b83f69595) Importer(815301076,1909f56bfc062723c751e8b465ee728b)
Start importing Assets/Playground Low Poly/Prefabs/SM_Railings_Angle_01.prefab using Guid(6ed24e37d2b36dc45977bf6b83f69595) Importer(815301076,1909f56bfc062723c751e8b465ee728b)  -> (artifact id: 'c692a906e9d0c7860c84fc1457d7ef10') in 0.012222 seconds
Number of updated asset objects reloaded before import = 0
Number of asset objects unloaded after import = 11
========================================================================
Received Import Request.
  Time since last request: 0.000330 seconds.
  path: Assets/Playground Low Poly/Prefabs/SM_Chair_02.prefab
  artifactKey: Guid(f9c7a0fb35d0caf4ca51e7ca6fc9a87a) Importer(815301076,1909f56bfc062723c751e8b465ee728b)
Start importing Assets/Playground Low Poly/Prefabs/SM_Chair_02.prefab using Guid(f9c7a0fb35d0caf4ca51e7ca6fc9a87a) Importer(815301076,1909f56bfc062723c751e8b465ee728b)  -> (artifact id: 'a25fae3013a1e9f2703e01248891ff0d') in 0.016498 seconds
Number of updated asset objects reloaded before import = 0
Number of asset objects unloaded after import = 11
========================================================================
Received Import Request.
  Time since last request: 0.000429 seconds.
  path: Assets/Playground Low Poly/Prefabs/SM_Sandbox_01.prefab
  artifactKey: Guid(189a0b5ee84cb454e98d2835383607d1) Importer(815301076,1909f56bfc062723c751e8b465ee728b)
Start importing Assets/Playground Low Poly/Prefabs/SM_Sandbox_01.prefab using Guid(189a0b5ee84cb454e98d2835383607d1) Importer(815301076,1909f56bfc062723c751e8b465ee728b)  -> (artifact id: '5126e30bf14ddb613720fbe3b1ce2d2f') in 0.009750 seconds
Number of updated asset objects reloaded before import = 0
Number of asset objects unloaded after import = 10
========================================================================
Received Import Request.
  Time since last request: 0.000169 seconds.
  path: Assets/Playground Low Poly/Prefabs/SM_Stone_01.prefab
  artifactKey: Guid(fe8749275d701b4418ca6a811ea83976) Importer(815301076,1909f56bfc062723c751e8b465ee728b)
Start importing Assets/Playground Low Poly/Prefabs/SM_Stone_01.prefab using Guid(fe8749275d701b4418ca6a811ea83976) Importer(815301076,1909f56bfc062723c751e8b465ee728b)  -> (artifact id: 'b32ba72cce37023bdb5422242b6b9f7a') in 0.011210 seconds
Number of updated asset objects reloaded before import = 0
Number of asset objects unloaded after import = 9
========================================================================
Received Import Request.
  Time since last request: 0.000416 seconds.
  path: Assets/Playground Low Poly/Prefabs/SM_Bench_01.prefab
  artifactKey: Guid(4383a2e5cb59a9a47b88d999c2299e4a) Importer(815301076,1909f56bfc062723c751e8b465ee728b)
Start importing Assets/Playground Low Poly/Prefabs/SM_Bench_01.prefab using Guid(4383a2e5cb59a9a47b88d999c2299e4a) Importer(815301076,1909f56bfc062723c751e8b465ee728b)  -> (artifact id: '22aa3e526143ef18c293149526008e82') in 0.011034 seconds
Number of updated asset objects reloaded before import = 0
Number of asset objects unloaded after import = 10
Editor requested this worker to shutdown with reason: Scaling down because of idle timeout
TcpMessagingSession - receive error: operation aborted. errorcode: 995, details: The I/O operation has been aborted because of either a thread exit or an application request.
AssetImportWorker is now disconnected from the server
Process exiting
Exiting without the bug reporter. Application will terminate with return code 0