Using pre-set license
Built from '2022.3/staging' branch; Version is '2022.3.4f1 (35713cd46cd7) revision 3502396'; Using compiler version '192829333'; Build Type 'Release'
OS: 'Windows 11  (10.0.22621) 64bit Core' Language: 'en' Physical Memory: 15717 MB
BatchMode: 1, IsHumanControllingUs: 0, StartBugReporterOnCrash: 0, Is64bit: 1, IsPro: 1

COMMAND LINE ARGUMENTS:
C:\Program Files\Unity\Hub\Editor\2022.3.4f1\Editor\Unity.exe
-adb2
-batchMode
-noUpm
-name
AssetImportWorker6
-projectPath
C:/Users/ulice/OneDrive/Documentos/GitHub/Papeeerrr/Papeeerrr
-logFile
Logs/AssetImportWorker6.log
-srvPort
61603
Successfully changed project path to: C:/Users/ulice/OneDrive/Documentos/GitHub/Papeeerrr/Papeeerrr
C:/Users/ulice/OneDrive/Documentos/GitHub/Papeeerrr/Papeeerrr
[UnityMemory] Configuration Parameters - Can be set up in boot.config
    "memorysetup-bucket-allocator-granularity=16"
    "memorysetup-bucket-allocator-bucket-count=8"
    "memorysetup-bucket-allocator-block-size=33554432"
    "memorysetup-bucket-allocator-block-count=8"
    "memorysetup-main-allocator-block-size=16777216"
    "memorysetup-thread-allocator-block-size=16777216"
    "memorysetup-gfx-main-allocator-block-size=16777216"
    "memorysetup-gfx-thread-allocator-block-size=16777216"
    "memorysetup-cache-allocator-block-size=4194304"
    "memorysetup-typetree-allocator-block-size=2097152"
    "memorysetup-profiler-bucket-allocator-granularity=16"
    "memorysetup-profiler-bucket-allocator-bucket-count=8"
    "memorysetup-profiler-bucket-allocator-block-size=33554432"
    "memorysetup-profiler-bucket-allocator-block-count=8"
    "memorysetup-profiler-allocator-block-size=16777216"
    "memorysetup-profiler-editor-allocator-block-size=1048576"
    "memorysetup-temp-allocator-size-main=16777216"
    "memorysetup-job-temp-allocator-block-size=2097152"
    "memorysetup-job-temp-allocator-block-size-background=1048576"
    "memorysetup-job-temp-allocator-reduction-small-platforms=262144"
    "memorysetup-allocator-temp-initial-block-size-main=262144"
    "memorysetup-allocator-temp-initial-block-size-worker=262144"
    "memorysetup-temp-allocator-size-background-worker=32768"
    "memorysetup-temp-allocator-size-job-worker=262144"
    "memorysetup-temp-allocator-size-preload-manager=33554432"
    "memorysetup-temp-allocator-size-nav-mesh-worker=65536"
    "memorysetup-temp-allocator-size-audio-worker=65536"
    "memorysetup-temp-allocator-size-cloud-worker=32768"
    "memorysetup-temp-allocator-size-gi-baking-worker=262144"
    "memorysetup-temp-allocator-size-gfx=262144"
Player connection [29312] Host "[IP] 10.0.4.11 [Port] 0 [Flags] 2 [Guid] 2098786513 [EditorId] 2098786513 [Version] 1048832 [Id] WindowsEditor(7,LAPTOP-P5NNJSPL) [Debug] 1 [PackageName] WindowsEditor [ProjectName] Editor" joined multi-casting on [225.0.0.222:54997]...

Player connection [29312] Host "[IP] 10.0.4.11 [Port] 0 [Flags] 2 [Guid] 2098786513 [EditorId] 2098786513 [Version] 1048832 [Id] WindowsEditor(7,LAPTOP-P5NNJSPL) [Debug] 1 [PackageName] WindowsEditor [ProjectName] Editor" joined alternative multi-casting on [225.0.0.222:34997]...

Refreshing native plugins compatible for Editor in 7.44 ms, found 3 plugins.
Preloading 0 native plugins for Editor in 0.00 ms.
Initialize engine version: 2022.3.4f1 (35713cd46cd7)
[Subsystems] Discovering subsystems at path C:/Program Files/Unity/Hub/Editor/2022.3.4f1/Editor/Data/Resources/UnitySubsystems
[Subsystems] Discovering subsystems at path C:/Users/ulice/OneDrive/Documentos/GitHub/Papeeerrr/Papeeerrr/Assets
GfxDevice: creating device client; threaded=0; jobified=0
Direct3D:
    Version:  Direct3D 11.0 [level 11.1]
    Renderer: AMD Radeon(TM) Graphics (ID=0x1638)
    Vendor:   ATI
    VRAM:     7858 MB
    Driver:   31.0.14058.5004
Initialize mono
Mono path[0] = 'C:/Program Files/Unity/Hub/Editor/2022.3.4f1/Editor/Data/Managed'
Mono path[1] = 'C:/Program Files/Unity/Hub/Editor/2022.3.4f1/Editor/Data/MonoBleedingEdge/lib/mono/unityjit-win32'
Mono config path = 'C:/Program Files/Unity/Hub/Editor/2022.3.4f1/Editor/Data/MonoBleedingEdge/etc'
Using monoOptions --debugger-agent=transport=dt_socket,embedding=1,server=y,suspend=n,address=127.0.0.1:56728
Begin MonoManager ReloadAssembly
Registering precompiled unity dll's ...
Register platform support module: C:/Program Files/Unity/Hub/Editor/2022.3.4f1/Editor/Data/PlaybackEngines/AndroidPlayer/UnityEditor.Android.Extensions.dll
Register platform support module: C:/Program Files/Unity/Hub/Editor/2022.3.4f1/Editor/Data/PlaybackEngines/WindowsStandaloneSupport/UnityEditor.WindowsStandalone.Extensions.dll
Registered in 0.006509 seconds.
- Loaded All Assemblies, in  0.281 seconds
Native extension for WindowsStandalone target not found
Native extension for Android target not found
Android Extension - Scanning For ADB Devices 290 ms
Mono: successfully reloaded assembly
- Finished resetting the current domain, in  0.569 seconds
Domain Reload Profiling: 849ms
	BeginReloadAssembly (76ms)
		ExecutionOrderSort (0ms)
		DisableScriptedObjects (0ms)
		BackupInstance (0ms)
		ReleaseScriptingObjects (0ms)
		CreateAndSetChildDomain (1ms)
	RebuildCommonClasses (28ms)
	RebuildNativeTypeToScriptingClass (13ms)
	initialDomainReloadingComplete (50ms)
	LoadAllAssembliesAndSetupDomain (114ms)
		LoadAssemblies (74ms)
		RebuildTransferFunctionScriptingTraits (0ms)
		AnalyzeDomain (109ms)
			TypeCache.Refresh (109ms)
				TypeCache.ScanAssembly (98ms)
			ScanForSourceGeneratedMonoScriptInfo (0ms)
			ResolveRequiredComponents (0ms)
	FinalizeReload (570ms)
		ReleaseScriptCaches (0ms)
		RebuildScriptCaches (0ms)
		SetupLoadedEditorAssemblies (519ms)
			LogAssemblyErrors (0ms)
			InitializePlatformSupportModulesInManaged (395ms)
			SetLoadedEditorAssemblies (3ms)
			RefreshPlugins (0ms)
			BeforeProcessingInitializeOnLoad (2ms)
			ProcessInitializeOnLoadAttributes (80ms)
			ProcessInitializeOnLoadMethodAttributes (39ms)
			AfterProcessingInitializeOnLoad (0ms)
			EditorAssembliesLoaded (0ms)
		ExecutionOrderSort2 (0ms)
		AwakeInstancesAfterBackupRestoration (0ms)
========================================================================
Worker process is ready to serve import requests
Begin MonoManager ReloadAssembly
Symbol file LoadedFromMemory doesn't match image C:\Users\ulice\OneDrive\Documentos\GitHub\Papeeerrr\Papeeerrr\Library\PackageCache\com.unity.visualscripting@1.8.0\Editor\VisualScripting.Core\Dependencies\YamlDotNet\Unity.VisualScripting.YamlDotNet.dll
Symbol file LoadedFromMemory doesn't match image C:\Users\ulice\OneDrive\Documentos\GitHub\Papeeerrr\Papeeerrr\Library\PackageCache\com.unity.visualscripting@1.8.0\Editor\VisualScripting.Core\Dependencies\DotNetZip\Unity.VisualScripting.IonicZip.dll
- Loaded All Assemblies, in  0.679 seconds
Refreshing native plugins compatible for Editor in 2.44 ms, found 3 plugins.
Native extension for WindowsStandalone target not found
Native extension for Android target not found
Mono: successfully reloaded assembly
- Finished resetting the current domain, in  0.444 seconds
Domain Reload Profiling: 1122ms
	BeginReloadAssembly (133ms)
		ExecutionOrderSort (0ms)
		DisableScriptedObjects (5ms)
		BackupInstance (0ms)
		ReleaseScriptingObjects (0ms)
		CreateAndSetChildDomain (29ms)
	RebuildCommonClasses (27ms)
	RebuildNativeTypeToScriptingClass (8ms)
	initialDomainReloadingComplete (36ms)
	LoadAllAssembliesAndSetupDomain (474ms)
		LoadAssemblies (245ms)
		RebuildTransferFunctionScriptingTraits (0ms)
		AnalyzeDomain (292ms)
			TypeCache.Refresh (276ms)
				TypeCache.ScanAssembly (261ms)
			ScanForSourceGeneratedMonoScriptInfo (13ms)
			ResolveRequiredComponents (3ms)
	FinalizeReload (444ms)
		ReleaseScriptCaches (0ms)
		RebuildScriptCaches (0ms)
		SetupLoadedEditorAssemblies (306ms)
			LogAssemblyErrors (0ms)
			InitializePlatformSupportModulesInManaged (20ms)
			SetLoadedEditorAssemblies (3ms)
			RefreshPlugins (0ms)
			BeforeProcessingInitializeOnLoad (50ms)
			ProcessInitializeOnLoadAttributes (209ms)
			ProcessInitializeOnLoadMethodAttributes (18ms)
			AfterProcessingInitializeOnLoad (5ms)
			EditorAssembliesLoaded (0ms)
		ExecutionOrderSort2 (0ms)
		AwakeInstancesAfterBackupRestoration (6ms)
Launched and connected shader compiler UnityShaderCompiler.exe after 0.05 seconds
Refreshing native plugins compatible for Editor in 2.83 ms, found 3 plugins.
Preloading 0 native plugins for Editor in 0.00 ms.
Unloading 3073 Unused Serialized files (Serialized files now loaded: 0)
Unloading 31 unused Assets / (56.6 KB). Loaded Objects now: 3544.
Memory consumption went from 122.8 MB to 122.7 MB.
Total: 3.171000 ms (FindLiveObjects: 0.303600 ms CreateObjectMapping: 0.102900 ms MarkObjects: 2.650700 ms  DeleteObjects: 0.112600 ms)

AssetImportParameters requested are different than current active one (requested -> active):
  custom:container-demuxer-ogg: 62fdf1f143b41e24485cea50d1cbac27 -> 
  custom:video-codec-MediaFoundation-h265: 746d11721c4dcdbdad8f713fa42b33f4 -> 
  custom:video-decoder-ogg-theora: a1e56fd34408186e4bbccfd4996cb3dc -> 
  custom:framework-win-MediaFoundation: 216162199b28c13a410421893ffa2e32 -> 
  custom:CustomObjectIndexerAttribute: 756ad292c208cfabdd7b50bc23989ffe -> 
  custom:container-demuxer-webm: 4f35f7cbe854078d1ac9338744f61a02 -> 
  custom:container-muxer-webm: aa71ff27fc2769a1b78a27578f13a17b -> 
  custom:video-decoder-webm-vp8: 9c59270c3fd7afecdb556c50c9e8de78 -> 
  custom:AudioImporter_EditorPlatform: d09bf68614088b80899f8185d706f6e7 -> 
  custom:video-encoder-webm-vp8: eb34c28f22e8b96e1ab97ce403110664 -> 
  custom:audio-decoder-ogg-vorbis: bf7c407c2cedff20999df2af8eb42d56 -> 
  custom:audio-encoder-webm-vorbis: bf7c407c2cedff20999df2af8eb42d56 -> 
========================================================================
Received Import Request.
  Time since last request: 20501.926208 seconds.
  path: Assets/WC/Prefabs
  artifactKey: Guid(65881d0ec21e64b45b59e9ef4c0a0d58) Importer(815301076,1909f56bfc062723c751e8b465ee728b)
Start importing Assets/WC/Prefabs using Guid(65881d0ec21e64b45b59e9ef4c0a0d58) Importer(815301076,1909f56bfc062723c751e8b465ee728b)  -> (artifact id: 'be3921756e50cb27c9fcf2a852641c5a') in 0.003173 seconds
Number of updated asset objects reloaded before import = 0
Number of asset objects unloaded after import = 0
========================================================================
Received Import Request.
  Time since last request: 1.310890 seconds.
  path: Assets/WC/Prefabs/props
  artifactKey: Guid(b09ad71215e137e4bb6d1a0b36350fc3) Importer(815301076,1909f56bfc062723c751e8b465ee728b)
Start importing Assets/WC/Prefabs/props using Guid(b09ad71215e137e4bb6d1a0b36350fc3) Importer(815301076,1909f56bfc062723c751e8b465ee728b)  -> (artifact id: 'e10a529328e4b6b7c4e3e1c54d799c78') in 0.001053 seconds
Number of updated asset objects reloaded before import = 0
Number of asset objects unloaded after import = 0
========================================================================
Received Import Request.
  Time since last request: 0.069414 seconds.
  path: Assets/WC/Prefabs/props/SM_banner Variant.prefab
  artifactKey: Guid(4145784b12f4fc4428dffa3f10864977) Importer(815301076,1909f56bfc062723c751e8b465ee728b)
Start importing Assets/WC/Prefabs/props/SM_banner Variant.prefab using Guid(4145784b12f4fc4428dffa3f10864977) Importer(815301076,1909f56bfc062723c751e8b465ee728b)  -> (artifact id: '950af556bc7abb9f6b65618a8684bfee') in 0.099554 seconds
Number of updated asset objects reloaded before import = 0
Number of asset objects unloaded after import = 17
========================================================================
Received Import Request.
  Time since last request: 0.000028 seconds.
  path: Assets/WC/Prefabs/props/SM_toilet_cubicle Variant.prefab
  artifactKey: Guid(cee9ca60d51c8ea4fafe5af545ecbe85) Importer(815301076,1909f56bfc062723c751e8b465ee728b)
Start importing Assets/WC/Prefabs/props/SM_toilet_cubicle Variant.prefab using Guid(cee9ca60d51c8ea4fafe5af545ecbe85) Importer(815301076,1909f56bfc062723c751e8b465ee728b)  -> (artifact id: '86bf2c23297af3c0d4657535655098b7') in 0.017500 seconds
Number of updated asset objects reloaded before import = 0
Number of asset objects unloaded after import = 26
========================================================================
Received Import Request.
  Time since last request: 0.000256 seconds.
  path: Assets/WC/Prefabs/props/SM_sign_2 Variant.prefab
  artifactKey: Guid(89b00204fa1bbc740a0afabc12238f2e) Importer(815301076,1909f56bfc062723c751e8b465ee728b)
Start importing Assets/WC/Prefabs/props/SM_sign_2 Variant.prefab using Guid(89b00204fa1bbc740a0afabc12238f2e) Importer(815301076,1909f56bfc062723c751e8b465ee728b)  -> (artifact id: 'b5c101260452717b22653d828cadfd1b') in 0.015315 seconds
Number of updated asset objects reloaded before import = 0
Number of asset objects unloaded after import = 17
========================================================================
Received Import Request.
  Time since last request: 0.000177 seconds.
  path: Assets/WC/Prefabs/props/SM_sign Variant.prefab
  artifactKey: Guid(c9da1e5229c2fc84087c7911ffbabe18) Importer(815301076,1909f56bfc062723c751e8b465ee728b)
Start importing Assets/WC/Prefabs/props/SM_sign Variant.prefab using Guid(c9da1e5229c2fc84087c7911ffbabe18) Importer(815301076,1909f56bfc062723c751e8b465ee728b)  -> (artifact id: '759eeb244df622a11fd20c4802d061b9') in 0.010547 seconds
Number of updated asset objects reloaded before import = 0
Number of asset objects unloaded after import = 17
========================================================================
Received Import Request.
  Time since last request: 0.000286 seconds.
  path: Assets/WC/Prefabs/props/SM_owel Variant.prefab
  artifactKey: Guid(9362a7d92e34d544d9b62f785c26a4d0) Importer(815301076,1909f56bfc062723c751e8b465ee728b)
Start importing Assets/WC/Prefabs/props/SM_owel Variant.prefab using Guid(9362a7d92e34d544d9b62f785c26a4d0) Importer(815301076,1909f56bfc062723c751e8b465ee728b)  -> (artifact id: '2d4074682e9ddf213d5e77d795adb98e') in 0.010131 seconds
Number of updated asset objects reloaded before import = 0
Number of asset objects unloaded after import = 17
========================================================================
Received Import Request.
  Time since last request: 0.000467 seconds.
  path: Assets/WC/Prefabs/props/SM_lamp_1 Variant.prefab
  artifactKey: Guid(cec57bb57506aa040aae717af0b0466f) Importer(815301076,1909f56bfc062723c751e8b465ee728b)
Start importing Assets/WC/Prefabs/props/SM_lamp_1 Variant.prefab using Guid(cec57bb57506aa040aae717af0b0466f) Importer(815301076,1909f56bfc062723c751e8b465ee728b)  -> (artifact id: 'd4ce2e348db44d9d3a30689518254264') in 0.011583 seconds
Number of updated asset objects reloaded before import = 0
Number of asset objects unloaded after import = 17
========================================================================
Received Import Request.
  Time since last request: 0.000231 seconds.
  path: Assets/WC/Prefabs/props/SM_sign_1 Variant.prefab
  artifactKey: Guid(555834eb57bfc484bafbfedca6115508) Importer(815301076,1909f56bfc062723c751e8b465ee728b)
Start importing Assets/WC/Prefabs/props/SM_sign_1 Variant.prefab using Guid(555834eb57bfc484bafbfedca6115508) Importer(815301076,1909f56bfc062723c751e8b465ee728b)  -> (artifact id: '3ed7f03538498be46465ac4f77aa125c') in 0.013592 seconds
Number of updated asset objects reloaded before import = 0
Number of asset objects unloaded after import = 17
========================================================================
Received Import Request.
  Time since last request: 0.000214 seconds.
  path: Assets/WC/Prefabs/props/SM_urinal Variant.prefab
  artifactKey: Guid(39686e9e6d2c7854982560e582f96338) Importer(815301076,1909f56bfc062723c751e8b465ee728b)
Start importing Assets/WC/Prefabs/props/SM_urinal Variant.prefab using Guid(39686e9e6d2c7854982560e582f96338) Importer(815301076,1909f56bfc062723c751e8b465ee728b)  -> (artifact id: 'c6495ed72df14406c9f56b8771cf5323') in 0.011383 seconds
Number of updated asset objects reloaded before import = 0
Number of asset objects unloaded after import = 17
========================================================================
Received Import Request.
  Time since last request: 0.000231 seconds.
  path: Assets/WC/Prefabs/props/SM_dryer Variant.prefab
  artifactKey: Guid(f4b84a21b51d73f438d01dbe9a0a398e) Importer(815301076,1909f56bfc062723c751e8b465ee728b)
Start importing Assets/WC/Prefabs/props/SM_dryer Variant.prefab using Guid(f4b84a21b51d73f438d01dbe9a0a398e) Importer(815301076,1909f56bfc062723c751e8b465ee728b)  -> (artifact id: '737a6c84a35f5ef649eee08fce2b2069') in 0.010549 seconds
Number of updated asset objects reloaded before import = 0
Number of asset objects unloaded after import = 17
========================================================================
Received Import Request.
  Time since last request: 0.000395 seconds.
  path: Assets/WC/Prefabs/props/SM_toilet_bowl Variant.prefab
  artifactKey: Guid(88a0819a59da0804681860f567cef10f) Importer(815301076,1909f56bfc062723c751e8b465ee728b)
Start importing Assets/WC/Prefabs/props/SM_toilet_bowl Variant.prefab using Guid(88a0819a59da0804681860f567cef10f) Importer(815301076,1909f56bfc062723c751e8b465ee728b)  -> (artifact id: '13e846fecc4a6c86fca9e4923058687b') in 0.011675 seconds
Number of updated asset objects reloaded before import = 0
Number of asset objects unloaded after import = 17
========================================================================
Received Import Request.
  Time since last request: 45.846735 seconds.
  path: Assets/WC/textures/T_mini_0.png
  artifactKey: Guid(121364a81bfc2db4ebba5f6786636db0) Importer(815301076,1909f56bfc062723c751e8b465ee728b)
Start importing Assets/WC/textures/T_mini_0.png using Guid(121364a81bfc2db4ebba5f6786636db0) Importer(815301076,1909f56bfc062723c751e8b465ee728b)  -> (artifact id: '64a152eead2d04bd9d52020f08bd8597') in 0.017639 seconds
Number of updated asset objects reloaded before import = 0
Number of asset objects unloaded after import = 2
========================================================================
Received Import Request.
  Time since last request: 11.861260 seconds.
  path: Assets/WC/DemoScene/0/sky.mat
  artifactKey: Guid(bf58e67cb1b07f84ba68bd33c079253e) Importer(815301076,1909f56bfc062723c751e8b465ee728b)
Start importing Assets/WC/DemoScene/0/sky.mat using Guid(bf58e67cb1b07f84ba68bd33c079253e) Importer(815301076,1909f56bfc062723c751e8b465ee728b)  -> (artifact id: '7abb7fd11c9aecf61cea832b606168c7') in 0.112099 seconds
Number of updated asset objects reloaded before import = 0
Number of asset objects unloaded after import = 1
========================================================================
Received Import Request.
  Time since last request: 3.582349 seconds.
  path: Assets/WC/Materials/T_mini.mat
  artifactKey: Guid(a65658b6f714cdc47a52f911a64276b7) Importer(815301076,1909f56bfc062723c751e8b465ee728b)
Start importing Assets/WC/Materials/T_mini.mat using Guid(a65658b6f714cdc47a52f911a64276b7) Importer(815301076,1909f56bfc062723c751e8b465ee728b)  -> (artifact id: '20d64fe94a0c5bd87096803d3b26eecb') in 0.019658 seconds
Number of updated asset objects reloaded before import = 0
Number of asset objects unloaded after import = 3
